20240922T185314,068 I o.h.v.i.u.Version [background-preinit] sessionId= transactionId= user= message=HV000001: Hibernate Validator 8.0.1.Final
20240922T185314,146 I c.l.BackendJavaSpringboot [main] sessionId= transactionId= user= message=Starting BackendJavaSpringboot using Java 17.0.12 with PID 33004 (C:\Users\User\Documents\PruebaTecnica-LiteThinking\backend-java-springboot\target\classes started by User in C:\Users\User\Documents\PruebaTecnica-LiteThinking\backend-java-springboot)
20240922T185314,148 I c.l.BackendJavaSpringboot [main] sessionId= transactionId= user= message=No active profile set, falling back to 1 default profile: "default"
20240922T185315,333 I o.s.d.r.c.RepositoryConfigurationDelegate [main] sessionId= transactionId= user= message=Multiple Spring Data modules found, entering strict repository configuration mode
20240922T185315,335 I o.s.d.r.c.RepositoryConfigurationDelegate [main] sessionId= transactionId= user= message=Bootstrapping Spring Data JPA repositories in DEFAULT mode.
20240922T185315,527 I o.s.d.r.c.RepositoryConfigurationDelegate [main] sessionId= transactionId= user= message=Finished Spring Data repository scanning in 179 ms. Found 6 JPA repository interfaces.
20240922T185315,553 I o.s.d.r.c.RepositoryConfigurationDelegate [main] sessionId= transactionId= user= message=Multiple Spring Data modules found, entering strict repository configuration mode
20240922T185315,554 I o.s.d.r.c.RepositoryConfigurationDelegate [main] sessionId= transactionId= user= message=Bootstrapping Spring Data Redis repositories in DEFAULT mode.
20240922T185315,579 I o.s.d.r.c.RepositoryConfigurationExtensionSupport [main] sessionId= transactionId= user= message=Spring Data Redis - Could not safely identify store assignment for repository candidate interface com.litethinking.infrastructure.adapters.out.database.repository.CategoryRepository; If you want this repository to be a Redis repository, consider annotating your entities with one of these annotations: org.springframework.data.redis.core.RedisHash (preferred), or consider extending one of the following types with your repository: org.springframework.data.keyvalue.repository.KeyValueRepository
20240922T185315,579 I o.s.d.r.c.RepositoryConfigurationExtensionSupport [main] sessionId= transactionId= user= message=Spring Data Redis - Could not safely identify store assignment for repository candidate interface com.litethinking.infrastructure.adapters.out.database.repository.CompanyRepository; If you want this repository to be a Redis repository, consider annotating your entities with one of these annotations: org.springframework.data.redis.core.RedisHash (preferred), or consider extending one of the following types with your repository: org.springframework.data.keyvalue.repository.KeyValueRepository
20240922T185315,579 I o.s.d.r.c.RepositoryConfigurationExtensionSupport [main] sessionId= transactionId= user= message=Spring Data Redis - Could not safely identify store assignment for repository candidate interface com.litethinking.infrastructure.adapters.out.database.repository.CustomerRepository; If you want this repository to be a Redis repository, consider annotating your entities with one of these annotations: org.springframework.data.redis.core.RedisHash (preferred), or consider extending one of the following types with your repository: org.springframework.data.keyvalue.repository.KeyValueRepository
20240922T185315,579 I o.s.d.r.c.RepositoryConfigurationExtensionSupport [main] sessionId= transactionId= user= message=Spring Data Redis - Could not safely identify store assignment for repository candidate interface com.litethinking.infrastructure.adapters.out.database.repository.OrderRepository; If you want this repository to be a Redis repository, consider annotating your entities with one of these annotations: org.springframework.data.redis.core.RedisHash (preferred), or consider extending one of the following types with your repository: org.springframework.data.keyvalue.repository.KeyValueRepository
20240922T185315,579 I o.s.d.r.c.RepositoryConfigurationExtensionSupport [main] sessionId= transactionId= user= message=Spring Data Redis - Could not safely identify store assignment for repository candidate interface com.litethinking.infrastructure.adapters.out.database.repository.ProductRepository; If you want this repository to be a Redis repository, consider annotating your entities with one of these annotations: org.springframework.data.redis.core.RedisHash (preferred), or consider extending one of the following types with your repository: org.springframework.data.keyvalue.repository.KeyValueRepository
20240922T185315,579 I o.s.d.r.c.RepositoryConfigurationExtensionSupport [main] sessionId= transactionId= user= message=Spring Data Redis - Could not safely identify store assignment for repository candidate interface com.litethinking.infrastructure.adapters.out.database.repository.UserRepository; If you want this repository to be a Redis repository, consider annotating your entities with one of these annotations: org.springframework.data.redis.core.RedisHash (preferred), or consider extending one of the following types with your repository: org.springframework.data.keyvalue.repository.KeyValueRepository
20240922T185315,579 I o.s.d.r.c.RepositoryConfigurationDelegate [main] sessionId= transactionId= user= message=Finished Spring Data repository scanning in 14 ms. Found 0 Redis repository interfaces.
20240922T185316,273 I o.s.b.w.e.t.TomcatWebServer [main] sessionId= transactionId= user= message=Tomcat initialized with port 8080 (http)
20240922T185316,283 I o.a.c.h.Http11NioProtocol [main] sessionId= transactionId= user= message=Initializing ProtocolHandler ["http-nio-8080"]
20240922T185316,287 I o.a.c.c.StandardService [main] sessionId= transactionId= user= message=Starting service [Tomcat]
20240922T185316,287 I o.a.c.c.StandardEngine [main] sessionId= transactionId= user= message=Starting Servlet engine: [Apache Tomcat/10.1.30]
20240922T185316,342 I o.a.c.c.C.[.[.[/api/v1/backend-java-springboot] [main] sessionId= transactionId= user= message=Initializing Spring embedded WebApplicationContext
20240922T185316,342 I o.s.b.w.s.c.ServletWebServerApplicationContext [main] sessionId= transactionId= user= message=Root WebApplicationContext: initialization completed in 2139 ms
20240922T185316,501 I o.h.j.i.u.LogHelper [main] sessionId= transactionId= user= message=HHH000204: Processing PersistenceUnitInfo [name: default]
20240922T185316,572 I o.h.Version [main] sessionId= transactionId= user= message=HHH000412: Hibernate ORM core version 6.5.3.Final
20240922T185316,603 I o.h.c.i.RegionFactoryInitiator [main] sessionId= transactionId= user= message=HHH000026: Second-level cache disabled
20240922T185316,885 I o.s.o.j.p.SpringPersistenceUnitInfo [main] sessionId= transactionId= user= message=No LoadTimeWeaver setup: ignoring JPA class transformer
20240922T185316,917 I c.z.h.HikariDataSource [main] sessionId= transactionId= user= message=HikariPool-1 - Starting...
20240922T185317,070 I c.z.h.p.HikariPool [main] sessionId= transactionId= user= message=HikariPool-1 - Added connection org.postgresql.jdbc.PgConnection@72bdbfe9
20240922T185317,072 I c.z.h.HikariDataSource [main] sessionId= transactionId= user= message=HikariPool-1 - Start completed.
20240922T185317,106 W o.h.o.deprecation [main] sessionId= transactionId= user= message=HHH90000025: PostgreSQLDialect does not need to be specified explicitly using 'hibernate.dialect' (remove the property setting and it will be selected by default)
20240922T185318,182 I o.h.e.t.j.p.i.JtaPlatformInitiator [main] sessionId= transactionId= user= message=HHH000489: No JTA platform available (set 'hibernate.transaction.jta.platform' to enable JTA platform integration)
20240922T185318,333 I o.s.o.j.LocalContainerEntityManagerFactoryBean [main] sessionId= transactionId= user= message=Initialized JPA EntityManagerFactory for persistence unit 'default'
20240922T185318,714 W o.s.b.a.o.j.JpaBaseConfiguration$JpaWebConfiguration [main] sessionId= transactionId= user= message=spring.jpa.open-in-view is enabled by default. Therefore, database queries may be performed during view rendering. Explicitly configure spring.jpa.open-in-view to disable this warning
20240922T185319,581 I o.a.c.h.Http11NioProtocol [main] sessionId= transactionId= user= message=Starting ProtocolHandler ["http-nio-8080"]
20240922T185319,598 I o.s.b.w.e.t.TomcatWebServer [main] sessionId= transactionId= user= message=Tomcat started on port 8080 (http) with context path '/api/v1/backend-java-springboot'
20240922T185319,608 I c.l.BackendJavaSpringboot [main] sessionId= transactionId= user= message=Started BackendJavaSpringboot in 6.401 seconds (process running for 7.638)
20240922T185334,119 I o.a.c.c.C.[.[.[/api/v1/backend-java-springboot] [http-nio-8080-exec-1] sessionId= transactionId= user= message=Initializing Spring DispatcherServlet 'dispatcherServlet'
20240922T185334,119 I o.s.w.s.DispatcherServlet [http-nio-8080-exec-1] sessionId= transactionId= user= message=Initializing Servlet 'dispatcherServlet'
20240922T185334,121 I o.s.w.s.DispatcherServlet [http-nio-8080-exec-1] sessionId= transactionId= user= message=Completed initialization in 2 ms
